<?xml version="1.0" encoding="UTF-8"?>
<!-- Generated by org.testng.reporters.JUnitXMLReporter -->
<testsuite ignored="0" hostname="DESKTOP-1RC6DB7" failures="1" tests="1" name="Default test(failed)" time="0.171" errors="0" timestamp="2022-11-05T11:44:36 IST">
  <testcase classname="Test_NG_programmes.Parallel1" name="TC1" time="0.096">
    <failure type="java.lang.IllegalStateException" message="The driver executable must exist: C:\Users\ADMIN\Downloads\chromedriver_win32 (1)\chromedriver.exe	">
      <![CDATA[java.lang.IllegalStateException: The driver executable must exist: C:\Users\ADMIN\Downloads\chromedriver_win32 (1)\chromedriver.exe
at org.openqa.selenium.internal.Require$FileStateChecker.isFile(Require.java:342)
at org.openqa.selenium.remote.service.DriverService.checkExecutable(DriverService.java:147)
at org.openqa.selenium.remote.service.DriverService.findExecutable(DriverService.java:142)
at org.openqa.selenium.chrome.ChromeDriverService.access$000(ChromeDriverService.java:39)
at org.openqa.selenium.chrome.ChromeDriverService$Builder.findDefaultExecutable(ChromeDriverService.java:233)
at org.openqa.selenium.remote.service.DriverService$Builder.build(DriverService.java:437)
at org.openqa.selenium.chrome.ChromeDriverService.createDefaultService(ChromeDriverService.java:128)
at org.openqa.selenium.chrome.ChromeDriver.<init>(ChromeDriver.java:49)
at Test_NG_programmes.Parallel1.TC1(Parallel1.java:12)
at java.base/java.util.ArrayList.forEach(ArrayList.java:1511)
... Removed 25 stack frames]]>
    </failure>
  </testcase> <!-- TC1 -->
</testsuite> <!-- Default test(failed) -->
